<?xml version="1.0" encoding="UTF-8"?>
<testsuite name="BinStringTestOriginal" tests="3" skipped="0" failures="0" errors="0" timestamp="2019-10-16T11:10:15" hostname="DESKTOP-NPBNVHU" time="0.028">
  <properties/>
  <testcase name="testSumFunction()" classname="BinStringTestOriginal" time="0.022"/>
  <testcase name="testTotalConversion()" classname="BinStringTestOriginal" time="0.002"/>
  <testcase name="testBinariseFunction()" classname="BinStringTestOriginal" time="0.001"/>
  <system-out><![CDATA[]]></system-out>
  <system-err><![CDATA[]]></system-err>
</testsuite>
