<?xml version="1.0" encoding="UTF-8"?>
<testsuite name="BinStringTestOriginal" tests="3" skipped="0" failures="0" errors="0" timestamp="2019-10-16T11:55:44" hostname="Utilizador" time="0.032">
  <properties/>
  <testcase name="testSumFunction()" classname="BinStringTestOriginal" time="0.025"/>
  <testcase name="testTotalConversion()" classname="BinStringTestOriginal" time="0.003"/>
  <testcase name="testBinariseFunction()" classname="BinStringTestOriginal" time="0.002"/>
  <system-out><![CDATA[]]></system-out>
  <system-err><![CDATA[]]></system-err>
</testsuite>
