<?xml version="1.0" encoding="UTF-8"?>
<testsuite name="BinStringTestOriginal" tests="3" skipped="0" failures="0" errors="0" timestamp="2019-10-16T15:12:48" hostname="zup-UX32VD" time="0.044">
  <properties/>
  <testcase name="testSumFunction()" classname="BinStringTestOriginal" time="0.03"/>
  <testcase name="testTotalConversion()" classname="BinStringTestOriginal" time="0.007"/>
  <testcase name="testBinariseFunction()" classname="BinStringTestOriginal" time="0.003"/>
  <system-out><![CDATA[]]></system-out>
  <system-err><![CDATA[]]></system-err>
</testsuite>
