<?xml version="1.0" encoding="UTF-8"?>
<testsuite name="BinStringTestOriginal" tests="3" skipped="0" failures="0" errors="0" timestamp="2019-10-16T15:09:12" hostname="DESKTOP-4PQN34L" time="0.04">
  <properties/>
  <testcase name="testSumFunction()" classname="BinStringTestOriginal" time="0.031"/>
  <testcase name="testTotalConversion()" classname="BinStringTestOriginal" time="0.005"/>
  <testcase name="testBinariseFunction()" classname="BinStringTestOriginal" time="0.001"/>
  <system-out><![CDATA[]]></system-out>
  <system-err><![CDATA[]]></system-err>
</testsuite>
