<?xml version="1.0" encoding="UTF-8"?>
<testsuite name="BinStringTestOriginal" tests="3" skipped="0" failures="0" errors="0" timestamp="2019-10-16T14:56:04" hostname="manel-HP-Laptop-15-bs0xx" time="0.012">
  <properties/>
  <testcase name="testSumFunction()" classname="BinStringTestOriginal" time="0.007"/>
  <testcase name="testTotalConversion()" classname="BinStringTestOriginal" time="0.002"/>
  <testcase name="testBinariseFunction()" classname="BinStringTestOriginal" time="0.001"/>
  <system-out><![CDATA[]]></system-out>
  <system-err><![CDATA[]]></system-err>
</testsuite>
